<?xml version="1.0" encoding="UTF-8"?>
<testng-results ignored="0" total="1" passed="1" failed="0" skipped="0">
  <reporter-output>
  </reporter-output>
  <suite started-at="2024-03-20T03:54:58 BDT" name="Default suite" finished-at="2024-03-20T03:55:19 BDT" duration-ms="21429">
    <groups>
    </groups>
    <test started-at="2024-03-20T03:54:58 BDT" name="Default test" finished-at="2024-03-20T03:55:19 BDT" duration-ms="21429">
      <class name="toClass3.handlingBrowser">
        <test-method is-config="true" signature="openBrowser()[pri:0, instance:toClass3.handlingBrowser@76b1e9b8]" started-at="2024-03-20T03:54:48 BDT" name="openBrowser" finished-at="2024-03-20T03:54:58 BDT" duration-ms="10064" status="PASS">
          <reporter-output>
          </reporter-output>
        </test-method> <!-- openBrowser -->
        <test-method signature="browser()[pri:0, instance:toClass3.handlingBrowser@76b1e9b8]" started-at="2024-03-20T03:54:58 BDT" name="browser" finished-at="2024-03-20T03:55:19 BDT" duration-ms="21378" status="PASS">
          <reporter-output>
          </reporter-output>
        </test-method> <!-- browser -->
        <test-method is-config="true" signature="close()[pri:0, instance:toClass3.handlingBrowser@76b1e9b8]" started-at="2024-03-20T03:55:19 BDT" name="close" finished-at="2024-03-20T03:55:20 BDT" duration-ms="1290" status="PASS">
          <reporter-output>
          </reporter-output>
        </test-method> <!-- close -->
      </class> <!-- toClass3.handlingBrowser -->
    </test> <!-- Default test -->
  </suite> <!-- Default suite -->
</testng-results>
